<?xml version="1.0" encoding="UTF-8"?>
<!-- Generated by org.testng.reporters.JUnitReportReporter -->
<testsuite hostname="MSI" failures="0" tests="1" name="TestPackage.TestNGClass" time="2.667" errors="0" timestamp="2022-09-20T15:18:41 IST" skipped="0">
  <testcase classname="TestPackage.TestNGClass" name="anb" time="2.667"/>
  <system-out/>
</testsuite> <!-- TestPackage.TestNGClass -->
